[     162ms] [LOG] Is code your craft? https://careers.etsy.com @ https://www.etsy.com/listing/4429638505/lucky-cowgirl-seamless-handdrawn-western?ls=s&ga_order=most_relevant&ga_search_type=all&ga_view_type=gallery&ga_search_query=western+theme+collage+background&ref=sr_gallery-1-54&sr_prefetch=1&pf_from=search&pro=1&sts=1&dd=1&content_source=21f7a086-ae5a-4524-b7fb-7962a7e5dd36%253ALT6270952b928a53df50073b63e55efafc7f1a6940&organic_search_click=1&logging_key=21f7a086-ae5a-4524-b7fb-7962a7e5dd36%3ALT6270952b928a53df50073b63e55efafc7f1a6940:4593
[     309ms] [WARNING] %cairgap.js%c Report-only mode enabled font-size:larger;font-weight:bold;border-radius:0.25em;padding:0.08em 0.25em;;color:amber;background-color:#6e3e00  @ https://transcend-cdn.com/cm/ac71e058-41b7-4026-b482-3d9b8e31a6d0/airgap.js:5
[     313ms] [WARNING] [GSI_LOGGER]: Your client application uses one of the Google One Tap prompt UI status methods that may stop functioning when FedCM becomes mandatory. Refer to the migration guide to update your code accordingly and opt-in to FedCM to test your changes. Learn more: https://developers.google.com/identity/gsi/web/guides/fedcm-migration?s=dc#display_moment and https://developers.google.com/identity/gsi/web/guides/fedcm-migration?s=dc#skipped_moment @ https://accounts.google.com/gsi/client:84
[     316ms] [ERROR] Not signed in with the identity provider. @ https://www.etsy.com/listing/4429638505/lucky-cowgirl-seamless-handdrawn-western?ls=s&ga_order=most_relevant&ga_search_type=all&ga_view_type=gallery&ga_search_query=western+theme+collage+background&ref=sr_gallery-1-54&sr_prefetch=1&pf_from=search&pro=1&sts=1&dd=1&content_source=21f7a086-ae5a-4524-b7fb-7962a7e5dd36%253ALT6270952b928a53df50073b63e55efafc7f1a6940&organic_search_click=1&logging_key=21f7a086-ae5a-4524-b7fb-7962a7e5dd36%3ALT6270952b928a53df50073b63e55efafc7f1a6940:0
[     447ms] [WARNING] [TikTok Pixel] - Incorrect email format
Issue: The email format for your events does not match the format supported. This can impact Advanced Matching and your ad performance.
Suggestion: Go to your source code and update the format of your shared emails. It should follow 'xxx@xxx.com' format. See https://ads.tiktok.com/marketing_api/docs?id=1739585700402178 for more information. @ https://analytics.tiktok.com/i18n/pixel/static/main.MWE0ZWQ3ZWQwMQ.js:0
[     451ms] [WARNING] [TikTok Pixel] - Incorrect email format
Issue: The email format for your events does not match the format supported. This can impact Advanced Matching and your ad performance.
Suggestion: Go to your source code and update the format of your shared emails. It should follow 'xxx@xxx.com' format. See https://ads.tiktok.com/marketing_api/docs?id=1739585700402178 for more information. @ https://analytics.tiktok.com/i18n/pixel/static/main.MWE0ZWQ3ZWQwMQ.js:0
[     451ms] [WARNING] [TikTok Pixel] - Incorrect email format
Issue: The email format for your events does not match the format supported. This can impact Advanced Matching and your ad performance.
Suggestion: Go to your source code and update the format of your shared emails. It should follow 'xxx@xxx.com' format. See https://ads.tiktok.com/marketing_api/docs?id=1739585700402178 for more information. @ https://analytics.tiktok.com/i18n/pixel/static/main.MWE0ZWQ3ZWQwMQ.js:0
[    8773ms] [ERROR] [GSI_LOGGER]: FedCM get() rejects with NetworkError: Error retrieving a token. @ https://accounts.google.com/gsi/client:85
[   24800ms] [LOG] Is code your craft? https://careers.etsy.com @ https://www.etsy.com/cart/?show_cart=13378699061&ref=listing_page:2574
[   24929ms] [WARNING] %cairgap.js%c Report-only mode enabled font-size:larger;font-weight:bold;border-radius:0.25em;padding:0.08em 0.25em;;color:amber;background-color:#6e3e00  @ https://transcend-cdn.com/cm/ac71e058-41b7-4026-b482-3d9b8e31a6d0/airgap.js:5
[   24994ms] [INFO] Pinterest Tag Error: 'load' command was called multiple times.  Previously for tag id '%s', now for tag id '%s'. 2612477536450 2612477536450 @ https://s.pinimg.com/ct/lib/main.10d2511a.js:0
[   25093ms] [WARNING] [TikTok Pixel] - Incorrect email format
Issue: The email format for your events does not match the format supported. This can impact Advanced Matching and your ad performance.
Suggestion: Go to your source code and update the format of your shared emails. It should follow 'xxx@xxx.com' format. See https://ads.tiktok.com/marketing_api/docs?id=1739585700402178 for more information. @ https://analytics.tiktok.com/i18n/pixel/static/main.MWE0ZWQ3ZWQwMQ.js:0
[   25094ms] [WARNING] [TikTok Pixel] - Incorrect email format
Issue: The email format for your events does not match the format supported. This can impact Advanced Matching and your ad performance.
Suggestion: Go to your source code and update the format of your shared emails. It should follow 'xxx@xxx.com' format. See https://ads.tiktok.com/marketing_api/docs?id=1739585700402178 for more information. @ https://analytics.tiktok.com/i18n/pixel/static/main.MWE0ZWQ3ZWQwMQ.js:0
[   25095ms] [WARNING] [TikTok Pixel] - Incorrect email format
Issue: The email format for your events does not match the format supported. This can impact Advanced Matching and your ad performance.
Suggestion: Go to your source code and update the format of your shared emails. It should follow 'xxx@xxx.com' format. See https://ads.tiktok.com/marketing_api/docs?id=1739585700402178 for more information. @ https://analytics.tiktok.com/i18n/pixel/static/main.MWE0ZWQ3ZWQwMQ.js:0
[  387157ms] [LOG] Is code your craft? https://careers.etsy.com @ https://www.etsy.com/cart?ref=hdr-cart:2814
[  387270ms] [WARNING] %cairgap.js%c Report-only mode enabled font-size:larger;font-weight:bold;border-radius:0.25em;padding:0.08em 0.25em;;color:amber;background-color:#6e3e00  @ https://transcend-cdn.com/cm/ac71e058-41b7-4026-b482-3d9b8e31a6d0/airgap.js:5
[  387405ms] [INFO] Pinterest Tag Error: 'load' command was called multiple times.  Previously for tag id '%s', now for tag id '%s'. 2612477536450 2612477536450 @ https://s.pinimg.com/ct/lib/main.10d2511a.js:0
[  387462ms] [WARNING] [TikTok Pixel] - Incorrect email format
Issue: The email format for your events does not match the format supported. This can impact Advanced Matching and your ad performance.
Suggestion: Go to your source code and update the format of your shared emails. It should follow 'xxx@xxx.com' format. See https://ads.tiktok.com/marketing_api/docs?id=1739585700402178 for more information. @ https://analytics.tiktok.com/i18n/pixel/static/main.MWE0ZWQ3ZWQwMQ.js:0
[  387464ms] [WARNING] [TikTok Pixel] - Incorrect email format
Issue: The email format for your events does not match the format supported. This can impact Advanced Matching and your ad performance.
Suggestion: Go to your source code and update the format of your shared emails. It should follow 'xxx@xxx.com' format. See https://ads.tiktok.com/marketing_api/docs?id=1739585700402178 for more information. @ https://analytics.tiktok.com/i18n/pixel/static/main.MWE0ZWQ3ZWQwMQ.js:0
[  387464ms] [WARNING] [TikTok Pixel] - Incorrect email format
Issue: The email format for your events does not match the format supported. This can impact Advanced Matching and your ad performance.
Suggestion: Go to your source code and update the format of your shared emails. It should follow 'xxx@xxx.com' format. See https://ads.tiktok.com/marketing_api/docs?id=1739585700402178 for more information. @ https://analytics.tiktok.com/i18n/pixel/static/main.MWE0ZWQ3ZWQwMQ.js:0
[  444751ms] [LOG] Is code your craft? https://careers.etsy.com @ https://www.etsy.com/checkout/start?initial_cart_ids=13378699061&is_multishop_multilisting=&is_sign_in_flow=1:478
[  444858ms] [WARNING] %cairgap.js%c Report-only mode enabled font-size:larger;font-weight:bold;border-radius:0.25em;padding:0.08em 0.25em;;color:amber;background-color:#6e3e00  @ https://transcend-cdn.com/cm/ac71e058-41b7-4026-b482-3d9b8e31a6d0/airgap.js:5
[  561472ms] [LOG] Is code your craft? https://careers.etsy.com @ https://www.etsy.com/?ulsfg=true&receipt_id=4036751765&show_thank_you_module=1&cart_id=13378699061&digital=1&multishop=0&has_gift_options=0:3663
[  561597ms] [WARNING] %cairgap.js%c Report-only mode enabled font-size:larger;font-weight:bold;border-radius:0.25em;padding:0.08em 0.25em;;color:amber;background-color:#6e3e00  @ https://transcend-cdn.com/cm/ac71e058-41b7-4026-b482-3d9b8e31a6d0/airgap.js:5
[  561699ms] [INFO] Pinterest Tag Error: 'load' command was called multiple times.  Previously for tag id '%s', now for tag id '%s'. 2612477536450 2612477536450 @ https://s.pinimg.com/ct/lib/main.10d2511a.js:0
[  565257ms] [LOG] Is code your craft? https://careers.etsy.com @ https://www.etsy.com/your/orders/4036751765/downloads?ref=hp_from_thank_you_module:2125
[  565282ms] Transition was skipped
[  565335ms] [WARNING] %cairgap.js%c Report-only mode enabled font-size:larger;font-weight:bold;border-radius:0.25em;padding:0.08em 0.25em;;color:amber;background-color:#6e3e00  @ https://transcend-cdn.com/cm/ac71e058-41b7-4026-b482-3d9b8e31a6d0/airgap.js:5
