[    3651ms] [ERROR] Failed to load resource: the server responded with a status of 404 () @ https://encrypted-tbn1.gstatic.com/faviconV2?url=https://sofontsy.com&client=IMAGE_SEARCH&size=24&type=FAVICON&fallback_opts=TYPE,SIZE,URL:0
[   59680ms] [ERROR] Failed to load resource: net::ERR_NAME_NOT_RESOLVED @ https://5203.xg4ken.com/trk/v1?prof=402&camp=52385&affcode=pg1054291604&kct=google&kchid=2057042320&cid=560419012967&networkType=search&kdv=c&kpid=4306310499&kmc=5603281893&criteriaid=pla-2314828009143&adgroupid=129278854253&campaignid=15222226012&locphy=9192306&adpos=&url=https://www.google.com/asnc/AHb8uPYY-mzEq7HRycNGs24DL12HmFGs4txRGwixFjq5UEXyQK0f/?gpla=1&gao=1&&utm_source=google&utm_medium=cpc&utm_campaign=shopping_us_-craft_supplies_and_tools-other&utm_custom1=_k_EAIaIQobChMI1ebOzc74kwMV3TbUAR2vPhaSEAQYByABEgLbZfD_BwE_k_&utm_content=go_15222226012_129278854253_560419012967_pla-2314828009143_c__4306310499_5603281893&utm_custom2=15222226012&gad_source=1&gad_campaignid=15222226012&gbraid=0AAAAADtcfRJ7ceWoHDKQQCx1Ngf8iSH5b&gb=1&gclid=EAIaIQobChMI1ebOzc74kwMV3TbUAR2vPhaSEAQYByABEgLbZfD_BwE:0
[  523279ms] [ERROR] Failed to load resource: the server responded with a status of 404 () @ https://encrypted-tbn1.gstatic.com/favicon-tbn?q=tbn%3AANd9GcQzuZRsPkQCN3asxfBiGY_FWpZL5dqpErf25MrY5EEnck4I6Svo8VQdMxC1N4-W3VwboPz3LqyfNvqsXcP0XaWc43yAZ3o:0
[  559085ms] [ERROR] Attestation check for Attribution Reporting on https://ad.doubleclick.net failed. @ https://www.dafont.com/theme.php?cat=106:0
[  559085ms] [ERROR] Attestation check for Attribution Reporting on https://ad.doubleclick.net failed. @ https://www.dafont.com/theme.php?cat=106:0
[  559145ms] [ERROR] Attestation check for Shared Storage on https://www.googleadservices.com failed. @ https://www.googleadservices.com/pagead/managed/js/activeview/current/reach_worklet.html:0
[  559147ms] [ERROR] Attestation check for Shared Storage on https://www.googleadservices.com failed. @ https://www.googleadservices.com/pagead/managed/js/activeview/current/reach_worklet.html:0
[  559331ms] [ERROR] Attestation check for Attribution Reporting on https://ad.doubleclick.net failed. @ https://www.dafont.com/theme.php?cat=106:0
[  559332ms] [ERROR] Attestation check for Attribution Reporting on https://ad.doubleclick.net failed. @ https://www.dafont.com/theme.php?cat=106:0
[  573239ms] [ERROR] Attestation check for Shared Storage on https://www.googleadservices.com failed. @ https://www.googleadservices.com/pagead/managed/js/activeview/current/reach_worklet.html:0
[  573239ms] [ERROR] Attestation check for Shared Storage on https://www.googleadservices.com failed. @ https://www.googleadservices.com/pagead/managed/js/activeview/current/reach_worklet.html:0
[  573282ms] [ERROR] Attestation check for Shared Storage on https://www.googleadservices.com failed. @ https://www.googleadservices.com/pagead/managed/js/activeview/current/reach_worklet.html:0
[  573239ms] [ERROR] Attestation check for Shared Storage on https://www.googleadservices.com failed. @ https://www.googleadservices.com/pagead/managed/js/activeview/current/reach_worklet.html:0
[  573282ms] [ERROR] Attestation check for Shared Storage on https://www.googleadservices.com failed. @ https://www.googleadservices.com/pagead/managed/js/activeview/current/reach_worklet.html:0
[  580394ms] [ERROR] Attestation check for Shared Storage on https://www.googleadservices.com failed. @ https://www.googleadservices.com/pagead/managed/js/activeview/current/reach_worklet.html:0
[  620450ms] [ERROR] Attestation check for Shared Storage on https://www.googleadservices.com failed. @ https://www.googleadservices.com/pagead/managed/js/activeview/current/reach_worklet.html:0
[  620450ms] [ERROR] Attestation check for Shared Storage on https://www.googleadservices.com failed. @ https://www.googleadservices.com/pagead/managed/js/activeview/current/reach_worklet.html:0
[  620983ms] [ERROR] Attestation check for Shared Storage on https://www.googleadservices.com failed. @ https://www.googleadservices.com/pagead/managed/js/activeview/current/reach_worklet.html:0
[  620450ms] [ERROR] Attestation check for Shared Storage on https://www.googleadservices.com failed. @ https://www.googleadservices.com/pagead/managed/js/activeview/current/reach_worklet.html:0
[  620983ms] [ERROR] Attestation check for Shared Storage on https://www.googleadservices.com failed. @ https://www.googleadservices.com/pagead/managed/js/activeview/current/reach_worklet.html:0
[  621765ms] [ERROR] Attestation check for Shared Storage on https://www.googleadservices.com failed. @ https://www.googleadservices.com/pagead/managed/js/activeview/current/reach_worklet.html:0
[  622066ms] [TIMEEND] a: 0.0009765625 ms @ https://static.adsafeprotected.com/sca.17.6.4.js:31
[  633875ms] [ERROR] Attestation check for Shared Storage on https://www.googleadservices.com failed. @ https://www.googleadservices.com/pagead/managed/js/activeview/current/reach_worklet.html:0
[  635066ms] Failed to read a named property 'document' from 'Window': Blocked a frame with origin "https://googleads.g.doubleclick.net" from accessing a frame with origin "https://www.dafont.com". Protocols, domains, and ports must match.
[  644434ms] [ERROR] Attestation check for Shared Storage on https://www.googleadservices.com failed. @ https://www.googleadservices.com/pagead/managed/js/activeview/current/reach_worklet.html:0
[  644434ms] [ERROR] Attestation check for Shared Storage on https://www.googleadservices.com failed. @ https://www.googleadservices.com/pagead/managed/js/activeview/current/reach_worklet.html:0
[  644818ms] [ERROR] Attestation check for Shared Storage on https://www.googleadservices.com failed. @ https://www.googleadservices.com/pagead/managed/js/activeview/current/reach_worklet.html:0
[  663425ms] [ERROR] Failed to load resource: net::ERR_TIMED_OUT @ https://img.dafont.com/preview.php?text=Tori+Ford&ttf=pain_circus0&ext=1&size=70&psize=m&y=67:0
[  663434ms] [ERROR] Failed to load resource: net::ERR_TIMED_OUT @ https://img.dafont.com/preview.php?text=Tori+Ford&ttf=circus_world0&ext=1&size=41&psize=m&y=53:0
[  663434ms] [ERROR] Failed to load resource: net::ERR_TIMED_OUT @ https://img.dafont.com/preview.php?text=Tori+Ford&ttf=blackhawk0&ext=2&size=59&psize=m&y=65:0
[  663434ms] [ERROR] Failed to load resource: net::ERR_TIMED_OUT @ https://img.dafont.com/preview.php?text=Tori+Ford&ttf=go_2_old_western2&ext=1&size=54&psize=m&y=54:0
[  663435ms] [ERROR] Failed to load resource: net::ERR_TIMED_OUT @ https://img.dafont.com/preview.php?text=Tori+Ford&ttf=go_2_old_western1&ext=1&size=54&psize=m&y=54:0
[  663435ms] [ERROR] Failed to load resource: net::ERR_TIMED_OUT @ https://img.dafont.com/preview.php?text=Tori+Ford&ttf=go_2_old_western0&ext=1&size=54&psize=m&y=54:0
[  644434ms] [ERROR] Attestation check for Shared Storage on https://www.googleadservices.com failed. @ https://www.googleadservices.com/pagead/managed/js/activeview/current/reach_worklet.html:0
[  644818ms] [ERROR] Attestation check for Shared Storage on https://www.googleadservices.com failed. @ https://www.googleadservices.com/pagead/managed/js/activeview/current/reach_worklet.html:0
[ 1250015ms] [ERROR] Attestation check for Shared Storage on https://www.googleadservices.com failed. @ https://www.googleadservices.com/pagead/managed/js/activeview/current/reach_worklet.html:0
[  644434ms] [ERROR] Attestation check for Shared Storage on https://www.googleadservices.com failed. @ https://www.googleadservices.com/pagead/managed/js/activeview/current/reach_worklet.html:0
[  644818ms] [ERROR] Attestation check for Shared Storage on https://www.googleadservices.com failed. @ https://www.googleadservices.com/pagead/managed/js/activeview/current/reach_worklet.html:0
[ 1250015ms] [ERROR] Attestation check for Shared Storage on https://www.googleadservices.com failed. @ https://www.googleadservices.com/pagead/managed/js/activeview/current/reach_worklet.html:0
[ 1250907ms] [ERROR] Attestation check for Shared Storage on https://www.googleadservices.com failed. @ https://www.googleadservices.com/pagead/managed/js/activeview/current/reach_worklet.html:0
[ 1251154ms] [TIMEEND] a: 0.001953125 ms @ https://static.adsafeprotected.com/sca.17.6.4.js:31
