[   13789ms] [ERROR] The Content-Security-Policy directive 'default-src' contains 'style-src' as a source expression. Did you want to add it as a directive and forget a semicolon? @ https://www.myidentifiers.com/identify-protect-your-book/isbn/buy-isbn?gad_source=1&gad_campaignid=21145710672&gbraid=0AAAAADrPwQGpOLT-aej34VEGtUZYwgNKv&gclid=EAIaIQobChMIxdjBvMn4kwMVSkp_AB2riAtnEAAYASAAEgJ7D_D_BwE:0
[   14386ms] [ERROR] The Content-Security-Policy directive 'default-src' contains 'style-src' as a source expression. Did you want to add it as a directive and forget a semicolon? @ about:blank:0
[   14446ms] [ERROR] The Content-Security-Policy directive 'default-src' contains 'style-src' as a source expression. Did you want to add it as a directive and forget a semicolon? @ https://www.myidentifiers.com/identify-protect-your-book/isbn/buy-isbn?gad_source=1&gad_campaignid=21145710672&gbraid=0AAAAADrPwQGpOLT-aej34VEGtUZYwgNKv&gclid=EAIaIQobChMIxdjBvMn4kwMVSkp_AB2riAtnEAAYASAAEgJ7D_D_BwE:1148
[   14446ms] [ERROR] The Content-Security-Policy directive 'default-src' contains 'style-src' as a source expression. Did you want to add it as a directive and forget a semicolon? @ https://www.myidentifiers.com/identify-protect-your-book/isbn/buy-isbn?gad_source=1&gad_campaignid=21145710672&gbraid=0AAAAADrPwQGpOLT-aej34VEGtUZYwgNKv&gclid=EAIaIQobChMIxdjBvMn4kwMVSkp_AB2riAtnEAAYASAAEgJ7D_D_BwE:1148
[   14481ms] [ERROR] Failed to load resource: the server responded with a status of 404 () @ https://www.myidentifiers.com/sites/default/files/google_tag/google_tag_manager/google_tag.script.js?tbfrw5:0
[   14481ms] [ERROR] Refused to execute script from 'https://www.myidentifiers.com/sites/default/files/google_tag/google_tag_manager/google_tag.script.js?tbfrw5' because its MIME type ('text/html') is not executable, and strict MIME type checking is enabled. @ https://www.myidentifiers.com/identify-protect-your-book/isbn/buy-isbn?gad_source=1&gad_campaignid=21145710672&gbraid=0AAAAADrPwQGpOLT-aej34VEGtUZYwgNKv&gclid=EAIaIQobChMIxdjBvMn4kwMVSkp_AB2riAtnEAAYASAAEgJ7D_D_BwE:0
[   14486ms] [ERROR] Failed to load resource: the server responded with a status of 404 () @ https://www.myidentifiers.com/sites/default/files/google_tag/default/google_tag.script.js?tbfrw5:0
[   14486ms] [ERROR] Refused to execute script from 'https://www.myidentifiers.com/sites/default/files/google_tag/default/google_tag.script.js?tbfrw5' because its MIME type ('text/html') is not executable, and strict MIME type checking is enabled. @ https://www.myidentifiers.com/identify-protect-your-book/isbn/buy-isbn?gad_source=1&gad_campaignid=21145710672&gbraid=0AAAAADrPwQGpOLT-aej34VEGtUZYwgNKv&gclid=EAIaIQobChMIxdjBvMn4kwMVSkp_AB2riAtnEAAYASAAEgJ7D_D_BwE:0
[   14672ms] [ERROR] The Content-Security-Policy directive 'default-src' contains 'style-src' as a source expression. Did you want to add it as a directive and forget a semicolon? @ https://www.myidentifiers.com/cdn-cgi/challenge-platform/scripts/jsd/main.js:0
[   14672ms] [ERROR] The Content-Security-Policy directive 'default-src' contains 'style-src' as a source expression. Did you want to add it as a directive and forget a semicolon? @ https://www.myidentifiers.com/cdn-cgi/challenge-platform/scripts/jsd/main.js:0
[   14885ms] [ERROR] Permissions policy violation: compute-pressure is not allowed in this document. @ https://www.youtube.com/s/player/4b0d80ee/player_embed_es6.vflset/en_US/base.js:5339
[   17827ms] [ERROR] The Content-Security-Policy directive 'default-src' contains 'style-src' as a source expression. Did you want to add it as a directive and forget a semicolon? @ https://www.myidentifiers.com/myid_sign_in?gad_source=1&gad_campaignid=21145710672&gbraid=0AAAAADrPwQGpOLT-aej34VEGtUZYwgNKv&gclid=EAIaIQobChMIxdjBvMn4kwMVSkp_AB2riAtnEAAYASAAEgJ7D_D_BwE&destination=identify-protect-your-book/isbn/buy-isbn:0
[   17916ms] [ERROR] Failed to load resource: the server responded with a status of 404 () @ https://www.myidentifiers.com/sites/default/files/google_tag/default/google_tag.script.js?tbfrw5:0
[   17916ms] [ERROR] Refused to execute script from 'https://www.myidentifiers.com/sites/default/files/google_tag/default/google_tag.script.js?tbfrw5' because its MIME type ('text/html') is not executable, and strict MIME type checking is enabled. @ https://www.myidentifiers.com/myid_sign_in?gad_source=1&gad_campaignid=21145710672&gbraid=0AAAAADrPwQGpOLT-aej34VEGtUZYwgNKv&gclid=EAIaIQobChMIxdjBvMn4kwMVSkp_AB2riAtnEAAYASAAEgJ7D_D_BwE&destination=identify-protect-your-book/isbn/buy-isbn:0
[   18063ms] [ERROR] Failed to load resource: the server responded with a status of 404 () @ https://www.myidentifiers.com/sites/default/files/google_tag/google_tag_manager/google_tag.script.js?tbfrw5:0
[   18064ms] [ERROR] Refused to execute script from 'https://www.myidentifiers.com/sites/default/files/google_tag/google_tag_manager/google_tag.script.js?tbfrw5' because its MIME type ('text/html') is not executable, and strict MIME type checking is enabled. @ https://www.myidentifiers.com/myid_sign_in?gad_source=1&gad_campaignid=21145710672&gbraid=0AAAAADrPwQGpOLT-aej34VEGtUZYwgNKv&gclid=EAIaIQobChMIxdjBvMn4kwMVSkp_AB2riAtnEAAYASAAEgJ7D_D_BwE&destination=identify-protect-your-book/isbn/buy-isbn:0
[   18073ms] [VERBOSE] [DOM] Input elements should have autocomplete attributes (suggested: "current-password"): (More info: https://goo.gl/9p2vKq) %o @ https://www.myidentifiers.com/myid_sign_in?gad_source=1&gad_campaignid=21145710672&gbraid=0AAAAADrPwQGpOLT-aej34VEGtUZYwgNKv&gclid=EAIaIQobChMIxdjBvMn4kwMVSkp_AB2riAtnEAAYASAAEgJ7D_D_BwE&destination=identify-protect-your-book/isbn/buy-isbn:0
[   30559ms] [ERROR] The Content-Security-Policy directive 'default-src' contains 'style-src' as a source expression. Did you want to add it as a directive and forget a semicolon? @ https://www.myidentifiers.com/identify-protect-your-book/isbn/buy-isbn?gad_source=1&gad_campaignid=21145710672&gbraid=0AAAAADrPwQGpOLT-aej34VEGtUZYwgNKv&gclid=EAIaIQobChMIxdjBvMn4kwMVSkp_AB2riAtnEAAYASAAEgJ7D_D_BwE&destination=identify-protect-your-book/isbn/buy-isbn&lid=1648609:0
[   30608ms] [ERROR] The Content-Security-Policy directive 'default-src' contains 'style-src' as a source expression. Did you want to add it as a directive and forget a semicolon? @ about:blank:0
[   30650ms] [ERROR] Failed to load resource: the server responded with a status of 404 () @ https://www.myidentifiers.com/sites/default/files/google_tag/default/google_tag.script.js?tbfrw5:0
[   30650ms] [ERROR] Refused to execute script from 'https://www.myidentifiers.com/sites/default/files/google_tag/default/google_tag.script.js?tbfrw5' because its MIME type ('text/html') is not executable, and strict MIME type checking is enabled. @ https://www.myidentifiers.com/identify-protect-your-book/isbn/buy-isbn?gad_source=1&gad_campaignid=21145710672&gbraid=0AAAAADrPwQGpOLT-aej34VEGtUZYwgNKv&gclid=EAIaIQobChMIxdjBvMn4kwMVSkp_AB2riAtnEAAYASAAEgJ7D_D_BwE&destination=identify-protect-your-book/isbn/buy-isbn&lid=1648609:0
[   30702ms] [ERROR] Failed to load resource: the server responded with a status of 404 () @ https://www.myidentifiers.com/sites/default/files/google_tag/google_tag_manager/google_tag.script.js?tbfrw5:0
[   30702ms] [ERROR] Refused to execute script from 'https://www.myidentifiers.com/sites/default/files/google_tag/google_tag_manager/google_tag.script.js?tbfrw5' because its MIME type ('text/html') is not executable, and strict MIME type checking is enabled. @ https://www.myidentifiers.com/identify-protect-your-book/isbn/buy-isbn?gad_source=1&gad_campaignid=21145710672&gbraid=0AAAAADrPwQGpOLT-aej34VEGtUZYwgNKv&gclid=EAIaIQobChMIxdjBvMn4kwMVSkp_AB2riAtnEAAYASAAEgJ7D_D_BwE&destination=identify-protect-your-book/isbn/buy-isbn&lid=1648609:0
[   35168ms] [ERROR] The Content-Security-Policy directive 'default-src' contains 'style-src' as a source expression. Did you want to add it as a directive and forget a semicolon? @ https://www.myidentifiers.com/myaccount_myprofile:0
[   35285ms] [ERROR] Failed to load resource: the server responded with a status of 404 () @ https://www.myidentifiers.com/sites/default/files/google_tag/default/google_tag.script.js?tbfrw5:0
[   35285ms] [ERROR] Refused to execute script from 'https://www.myidentifiers.com/sites/default/files/google_tag/default/google_tag.script.js?tbfrw5' because its MIME type ('text/html') is not executable, and strict MIME type checking is enabled. @ https://www.myidentifiers.com/myaccount_myprofile:1113
[   35367ms] [ERROR] Failed to load resource: the server responded with a status of 404 () @ https://www.myidentifiers.com/sites/default/files/google_tag/google_tag_manager/google_tag.script.js?tbfrw5:0
[   35367ms] [ERROR] Refused to execute script from 'https://www.myidentifiers.com/sites/default/files/google_tag/google_tag_manager/google_tag.script.js?tbfrw5' because its MIME type ('text/html') is not executable, and strict MIME type checking is enabled. @ https://www.myidentifiers.com/myaccount_myprofile:0
[   35381ms] [VERBOSE] [DOM] Input elements should have autocomplete attributes (suggested: "new-password"): (More info: https://goo.gl/9p2vKq) %o @ https://www.myidentifiers.com/myaccount_myprofile:0
[   35381ms] [VERBOSE] [DOM] Input elements should have autocomplete attributes (suggested: "new-password"): (More info: https://goo.gl/9p2vKq) %o @ https://www.myidentifiers.com/myaccount_myprofile:0
[   36900ms] [ERROR] The Content-Security-Policy directive 'default-src' contains 'style-src' as a source expression. Did you want to add it as a directive and forget a semicolon? @ https://www.myidentifiers.com/isbn_dashboard:0
[   37090ms] [ERROR] Failed to load resource: the server responded with a status of 404 () @ https://www.myidentifiers.com/sites/default/files/google_tag/google_tag_manager/google_tag.script.js?tbfrw5:0
[   37090ms] [ERROR] Refused to execute script from 'https://www.myidentifiers.com/sites/default/files/google_tag/google_tag_manager/google_tag.script.js?tbfrw5' because its MIME type ('text/html') is not executable, and strict MIME type checking is enabled. @ https://www.myidentifiers.com/isbn_dashboard:0
[   37206ms] [ERROR] Failed to load resource: the server responded with a status of 404 () @ https://www.myidentifiers.com/sites/default/files/google_tag/default/google_tag.script.js?tbfrw5:0
[   37206ms] [ERROR] Refused to execute script from 'https://www.myidentifiers.com/sites/default/files/google_tag/default/google_tag.script.js?tbfrw5' because its MIME type ('text/html') is not executable, and strict MIME type checking is enabled. @ https://www.myidentifiers.com/isbn_dashboard:0
[   42300ms] [ERROR] The Content-Security-Policy directive 'default-src' contains 'style-src' as a source expression. Did you want to add it as a directive and forget a semicolon? @ https://www.myidentifiers.com/title_registration?isbn=979-8-9958372-0-6&icon_type=Pending:0
[   42464ms] [ERROR] Failed to load resource: the server responded with a status of 404 () @ https://www.myidentifiers.com/sites/default/files/google_tag/default/google_tag.script.js?tbfrw5:0
[   42464ms] [ERROR] Refused to execute script from 'https://www.myidentifiers.com/sites/default/files/google_tag/default/google_tag.script.js?tbfrw5' because its MIME type ('text/html') is not executable, and strict MIME type checking is enabled. @ https://www.myidentifiers.com/title_registration?isbn=979-8-9958372-0-6&icon_type=Pending:2298
[   42540ms] [ERROR] Failed to load resource: the server responded with a status of 404 () @ https://www.myidentifiers.com/sites/default/files/google_tag/google_tag_manager/google_tag.script.js?tbfrw5:0
[   42540ms] [ERROR] Refused to execute script from 'https://www.myidentifiers.com/sites/default/files/google_tag/google_tag_manager/google_tag.script.js?tbfrw5' because its MIME type ('text/html') is not executable, and strict MIME type checking is enabled. @ https://www.myidentifiers.com/title_registration?isbn=979-8-9958372-0-6&icon_type=Pending:0
[   52834ms] [ERROR] The Content-Security-Policy directive 'default-src' contains 'style-src' as a source expression. Did you want to add it as a directive and forget a semicolon? @ https://www.myidentifiers.com/:0
[   52938ms] [ERROR] Failed to load resource: the server responded with a status of 404 () @ https://www.myidentifiers.com/sites/default/files/google_tag/google_tag_manager/google_tag.script.js?tbfrw5:0
[   52938ms] [ERROR] Refused to execute script from 'https://www.myidentifiers.com/sites/default/files/google_tag/google_tag_manager/google_tag.script.js?tbfrw5' because its MIME type ('text/html') is not executable, and strict MIME type checking is enabled. @ https://www.myidentifiers.com/:0
[   52938ms] [ERROR] Failed to load resource: the server responded with a status of 404 () @ https://www.myidentifiers.com/sites/default/files/google_tag/default/google_tag.script.js?tbfrw5:0
[   52938ms] [ERROR] Refused to execute script from 'https://www.myidentifiers.com/sites/default/files/google_tag/default/google_tag.script.js?tbfrw5' because its MIME type ('text/html') is not executable, and strict MIME type checking is enabled. @ https://www.myidentifiers.com/:0
[   54656ms] [ERROR] Failed to load resource: the server responded with a status of 403 () @ https://www.myidentifiers.com/title_registration?isbn=979-8-9958372-0-6&icon_type=Pending:0
[   54656ms] [ERROR] The Content-Security-Policy directive 'default-src' contains 'style-src' as a source expression. Did you want to add it as a directive and forget a semicolon? @ https://www.myidentifiers.com/title_registration?isbn=979-8-9958372-0-6&icon_type=Pending:0
[   54693ms] [VERBOSE] [DOM] Input elements should have autocomplete attributes (suggested: "current-password"): (More info: https://goo.gl/9p2vKq) %o @ https://www.myidentifiers.com/title_registration?isbn=979-8-9958372-0-6&icon_type=Pending:0
