[     317ms] [LOG] Is code your craft? https://careers.etsy.com @ https://www.etsy.com/listing/4306310499/cowboy-western-bundle-png-svg-file?gpla=1&gao=1&&utm_source=google&utm_medium=cpc&utm_campaign=shopping_us_-craft_supplies_and_tools-other&utm_custom1=_k_EAIaIQobChMI1ebOzc74kwMV3TbUAR2vPhaSEAQYByABEgLbZfD_BwE_k_&utm_content=go_15222226012_129278854253_560419012967_pla-2314828009143_c__4306310499_5603281893&utm_custom2=15222226012&gad_source=1&gad_campaignid=15222226012&gbraid=0AAAAADtcfRJ7ceWoHDKQQCx1Ngf8iSH5b&gclid=EAIaIQobChMI1ebOzc74kwMV3TbUAR2vPhaSEAQYByABEgLbZfD_BwE:6533
[     499ms] [WARNING] %cairgap.js%c Report-only mode enabled font-size:larger;font-weight:bold;border-radius:0.25em;padding:0.08em 0.25em;;color:amber;background-color:#6e3e00  @ https://transcend-cdn.com/cm/ac71e058-41b7-4026-b482-3d9b8e31a6d0/airgap.js:5
[     703ms] [WARNING] [GSI_LOGGER]: Your client application uses one of the Google One Tap prompt UI status methods that may stop functioning when FedCM becomes mandatory. Refer to the migration guide to update your code accordingly and opt-in to FedCM to test your changes. Learn more: https://developers.google.com/identity/gsi/web/guides/fedcm-migration?s=dc#display_moment and https://developers.google.com/identity/gsi/web/guides/fedcm-migration?s=dc#skipped_moment @ https://accounts.google.com/gsi/client:84
[     738ms] [ERROR] Not signed in with the identity provider. @ https://www.etsy.com/listing/4306310499/cowboy-western-bundle-png-svg-file?gpla=1&gao=1&&utm_source=google&utm_medium=cpc&utm_campaign=shopping_us_-craft_supplies_and_tools-other&utm_custom1=_k_EAIaIQobChMI1ebOzc74kwMV3TbUAR2vPhaSEAQYByABEgLbZfD_BwE_k_&utm_content=go_15222226012_129278854253_560419012967_pla-2314828009143_c__4306310499_5603281893&utm_custom2=15222226012&gad_source=1&gad_campaignid=15222226012&gbraid=0AAAAADtcfRJ7ceWoHDKQQCx1Ngf8iSH5b&gclid=EAIaIQobChMI1ebOzc74kwMV3TbUAR2vPhaSEAQYByABEgLbZfD_BwE:0
[    1077ms] [WARNING] [TikTok Pixel] - Incorrect email format
Issue: The email format for your events does not match the format supported. This can impact Advanced Matching and your ad performance.
Suggestion: Go to your source code and update the format of your shared emails. It should follow 'xxx@xxx.com' format. See https://ads.tiktok.com/marketing_api/docs?id=1739585700402178 for more information. @ https://analytics.tiktok.com/i18n/pixel/static/main.MWE0ZWQ3ZWQwMQ.js:0
[    1081ms] [WARNING] [TikTok Pixel] - Incorrect email format
Issue: The email format for your events does not match the format supported. This can impact Advanced Matching and your ad performance.
Suggestion: Go to your source code and update the format of your shared emails. It should follow 'xxx@xxx.com' format. See https://ads.tiktok.com/marketing_api/docs?id=1739585700402178 for more information. @ https://analytics.tiktok.com/i18n/pixel/static/main.MWE0ZWQ3ZWQwMQ.js:0
[    1082ms] [WARNING] [TikTok Pixel] - Incorrect email format
Issue: The email format for your events does not match the format supported. This can impact Advanced Matching and your ad performance.
Suggestion: Go to your source code and update the format of your shared emails. It should follow 'xxx@xxx.com' format. See https://ads.tiktok.com/marketing_api/docs?id=1739585700402178 for more information. @ https://analytics.tiktok.com/i18n/pixel/static/main.MWE0ZWQ3ZWQwMQ.js:0
[    1083ms] [WARNING] [TikTok Pixel] - Incorrect email format
Issue: The email format for your events does not match the format supported. This can impact Advanced Matching and your ad performance.
Suggestion: Go to your source code and update the format of your shared emails. It should follow 'xxx@xxx.com' format. See https://ads.tiktok.com/marketing_api/docs?id=1739585700402178 for more information. @ https://analytics.tiktok.com/i18n/pixel/static/main.MWE0ZWQ3ZWQwMQ.js:0
[    1741ms] [ERROR] [GSI_LOGGER]: FedCM get() rejects with NetworkError: Error retrieving a token. @ https://accounts.google.com/gsi/client:85
[   11088ms] [WARNING] [TikTok Pixel] - Incorrect email format
Issue: The email format for your events does not match the format supported. This can impact Advanced Matching and your ad performance.
Suggestion: Go to your source code and update the format of your shared emails. It should follow 'xxx@xxx.com' format. See https://ads.tiktok.com/marketing_api/docs?id=1739585700402178 for more information. @ https://analytics.tiktok.com/i18n/pixel/static/main.MWE0ZWQ3ZWQwMQ.js:0
[   52371ms] [LOG] Is code your craft? https://careers.etsy.com @ https://www.etsy.com/?ref=lgo:4470
[   52556ms] [WARNING] [GSI_LOGGER]: Your client application uses one of the Google One Tap prompt UI status methods that may stop functioning when FedCM becomes mandatory. Refer to the migration guide to update your code accordingly and opt-in to FedCM to test your changes. Learn more: https://developers.google.com/identity/gsi/web/guides/fedcm-migration?s=dc#display_moment and https://developers.google.com/identity/gsi/web/guides/fedcm-migration?s=dc#skipped_moment @ https://accounts.google.com/gsi/client:84
[   52558ms] [ERROR] Not signed in with the identity provider. @ https://www.etsy.com/?ref=lgo:0
[   52570ms] [WARNING] %cairgap.js%c Report-only mode enabled font-size:larger;font-weight:bold;border-radius:0.25em;padding:0.08em 0.25em;;color:amber;background-color:#6e3e00  @ https://transcend-cdn.com/cm/ac71e058-41b7-4026-b482-3d9b8e31a6d0/airgap.js:5
[   52617ms] [WARNING] Specifying 'overflow: visible' on img, video and canvas tags may cause them to produce visual content outside of the element bounds. See https://github.com/WICG/view-transitions/blob/main/debugging_overflow_on_images.md for details. @ https://www.etsy.com/?ref=lgo:0
[   53333ms] [ERROR] [GSI_LOGGER]: FedCM get() rejects with AbortError: signal is aborted without reason @ https://accounts.google.com/gsi/client:85
[   77940ms] [LOG] Is code your craft? https://careers.etsy.com @ https://www.etsy.com/search?q=western%20theme%20collage&ref=search_bar:6765
[   78210ms] [WARNING] %cairgap.js%c Report-only mode enabled font-size:larger;font-weight:bold;border-radius:0.25em;padding:0.08em 0.25em;;color:amber;background-color:#6e3e00  @ https://transcend-cdn.com/cm/ac71e058-41b7-4026-b482-3d9b8e31a6d0/airgap.js:5
[   78387ms] [WARNING] [TikTok Pixel] - Invalid email information
Issue: The emails shared with your events were invalid.
Suggestion: Go to your source code to double check shared emails. Leave your string empty when customer information isn't available. Avoid spaces, "undefined", or other hardcoded values. See https://ads.tiktok.com/marketing_api/docs?id=1739585700402178 for more information. @ https://analytics.tiktok.com/i18n/pixel/static/main.MWE0ZWQ3ZWQwMQ.js:0
[   78389ms] [WARNING] [TikTok Pixel] - Invalid email information
Issue: The emails shared with your events were invalid.
Suggestion: Go to your source code to double check shared emails. Leave your string empty when customer information isn't available. Avoid spaces, "undefined", or other hardcoded values. See https://ads.tiktok.com/marketing_api/docs?id=1739585700402178 for more information. @ https://analytics.tiktok.com/i18n/pixel/static/main.MWE0ZWQ3ZWQwMQ.js:0
[   78389ms] [WARNING] [TikTok Pixel] - Invalid email information
Issue: The emails shared with your events were invalid.
Suggestion: Go to your source code to double check shared emails. Leave your string empty when customer information isn't available. Avoid spaces, "undefined", or other hardcoded values. See https://ads.tiktok.com/marketing_api/docs?id=1739585700402178 for more information. @ https://analytics.tiktok.com/i18n/pixel/static/main.MWE0ZWQ3ZWQwMQ.js:0
[   78389ms] [WARNING] [TikTok Pixel] - Invalid email information
Issue: The emails shared with your events were invalid.
Suggestion: Go to your source code to double check shared emails. Leave your string empty when customer information isn't available. Avoid spaces, "undefined", or other hardcoded values. See https://ads.tiktok.com/marketing_api/docs?id=1739585700402178 for more information. @ https://analytics.tiktok.com/i18n/pixel/static/main.MWE0ZWQ3ZWQwMQ.js:0
[  205459ms] [WARNING] Failed to execute 'postMessage' on 'DOMWindow': The target origin provided ('https://www.google.com') does not match the recipient window's origin ('https://www.etsy.com'). @ https://www.googletagmanager.com/gtm.js?id=GTM-KWW5SS:880
[  205459ms] [WARNING] Failed to execute 'postMessage' on 'DOMWindow': The target origin provided ('https://www.youtube.com') does not match the recipient window's origin ('https://www.etsy.com'). @ https://www.googletagmanager.com/gtm.js?id=GTM-KWW5SS:880
[  205459ms] [WARNING] Failed to execute 'postMessage' on 'DOMWindow': The target origin provided ('https://m.youtube.com') does not match the recipient window's origin ('https://www.etsy.com'). @ https://www.googletagmanager.com/gtm.js?id=GTM-KWW5SS:880
[  230078ms] [WARNING] Failed to execute 'postMessage' on 'DOMWindow': The target origin provided ('https://www.google.com') does not match the recipient window's origin ('https://www.etsy.com'). @ https://www.googletagmanager.com/gtm.js?id=GTM-KWW5SS:880
[  230078ms] [WARNING] Failed to execute 'postMessage' on 'DOMWindow': The target origin provided ('https://www.youtube.com') does not match the recipient window's origin ('https://www.etsy.com'). @ https://www.googletagmanager.com/gtm.js?id=GTM-KWW5SS:880
[  230078ms] [WARNING] Failed to execute 'postMessage' on 'DOMWindow': The target origin provided ('https://m.youtube.com') does not match the recipient window's origin ('https://www.etsy.com'). @ https://www.googletagmanager.com/gtm.js?id=GTM-KWW5SS:880
[  323985ms] [WARNING] Failed to execute 'postMessage' on 'DOMWindow': The target origin provided ('https://www.google.com') does not match the recipient window's origin ('https://www.etsy.com'). @ https://www.googletagmanager.com/gtm.js?id=GTM-KWW5SS:880
[  323985ms] [WARNING] Failed to execute 'postMessage' on 'DOMWindow': The target origin provided ('https://www.youtube.com') does not match the recipient window's origin ('https://www.etsy.com'). @ https://www.googletagmanager.com/gtm.js?id=GTM-KWW5SS:880
[  323985ms] [WARNING] Failed to execute 'postMessage' on 'DOMWindow': The target origin provided ('https://m.youtube.com') does not match the recipient window's origin ('https://www.etsy.com'). @ https://www.googletagmanager.com/gtm.js?id=GTM-KWW5SS:880
[  351327ms] [WARNING] Failed to execute 'postMessage' on 'DOMWindow': The target origin provided ('https://www.google.com') does not match the recipient window's origin ('https://www.etsy.com'). @ https://www.googletagmanager.com/gtm.js?id=GTM-KWW5SS:880
[  351327ms] [WARNING] Failed to execute 'postMessage' on 'DOMWindow': The target origin provided ('https://www.youtube.com') does not match the recipient window's origin ('https://www.etsy.com'). @ https://www.googletagmanager.com/gtm.js?id=GTM-KWW5SS:880
[  351327ms] [WARNING] Failed to execute 'postMessage' on 'DOMWindow': The target origin provided ('https://m.youtube.com') does not match the recipient window's origin ('https://www.etsy.com'). @ https://www.googletagmanager.com/gtm.js?id=GTM-KWW5SS:880
[  363222ms] [WARNING] Failed to execute 'postMessage' on 'DOMWindow': The target origin provided ('https://www.google.com') does not match the recipient window's origin ('https://www.etsy.com'). @ https://www.googletagmanager.com/gtm.js?id=GTM-KWW5SS:880
[  363222ms] [WARNING] Failed to execute 'postMessage' on 'DOMWindow': The target origin provided ('https://www.youtube.com') does not match the recipient window's origin ('https://www.etsy.com'). @ https://www.googletagmanager.com/gtm.js?id=GTM-KWW5SS:880
[  363222ms] [WARNING] Failed to execute 'postMessage' on 'DOMWindow': The target origin provided ('https://m.youtube.com') does not match the recipient window's origin ('https://www.etsy.com'). @ https://www.googletagmanager.com/gtm.js?id=GTM-KWW5SS:880
[  427947ms] [WARNING] Failed to execute 'postMessage' on 'DOMWindow': The target origin provided ('https://www.google.com') does not match the recipient window's origin ('https://www.etsy.com'). @ https://www.googletagmanager.com/gtm.js?id=GTM-KWW5SS:880
[  427947ms] [WARNING] Failed to execute 'postMessage' on 'DOMWindow': The target origin provided ('https://www.youtube.com') does not match the recipient window's origin ('https://www.etsy.com'). @ https://www.googletagmanager.com/gtm.js?id=GTM-KWW5SS:880
[  427947ms] [WARNING] Failed to execute 'postMessage' on 'DOMWindow': The target origin provided ('https://m.youtube.com') does not match the recipient window's origin ('https://www.etsy.com'). @ https://www.googletagmanager.com/gtm.js?id=GTM-KWW5SS:880
[  592416ms] [WARNING] Failed to execute 'postMessage' on 'DOMWindow': The target origin provided ('https://www.google.com') does not match the recipient window's origin ('https://www.etsy.com'). @ https://www.googletagmanager.com/gtm.js?id=GTM-KWW5SS:880
[  592416ms] [WARNING] Failed to execute 'postMessage' on 'DOMWindow': The target origin provided ('https://www.youtube.com') does not match the recipient window's origin ('https://www.etsy.com'). @ https://www.googletagmanager.com/gtm.js?id=GTM-KWW5SS:880
[  592416ms] [WARNING] Failed to execute 'postMessage' on 'DOMWindow': The target origin provided ('https://m.youtube.com') does not match the recipient window's origin ('https://www.etsy.com'). @ https://www.googletagmanager.com/gtm.js?id=GTM-KWW5SS:880
[  650007ms] [WARNING] Failed to execute 'postMessage' on 'DOMWindow': The target origin provided ('https://www.google.com') does not match the recipient window's origin ('https://www.etsy.com'). @ https://www.googletagmanager.com/gtm.js?id=GTM-KWW5SS:880
[  650007ms] [WARNING] Failed to execute 'postMessage' on 'DOMWindow': The target origin provided ('https://www.youtube.com') does not match the recipient window's origin ('https://www.etsy.com'). @ https://www.googletagmanager.com/gtm.js?id=GTM-KWW5SS:880
[  650007ms] [WARNING] Failed to execute 'postMessage' on 'DOMWindow': The target origin provided ('https://m.youtube.com') does not match the recipient window's origin ('https://www.etsy.com'). @ https://www.googletagmanager.com/gtm.js?id=GTM-KWW5SS:880
[  766748ms] [WARNING] Failed to execute 'postMessage' on 'DOMWindow': The target origin provided ('https://www.google.com') does not match the recipient window's origin ('https://www.etsy.com'). @ https://www.googletagmanager.com/gtm.js?id=GTM-KWW5SS:880
[  766748ms] [WARNING] Failed to execute 'postMessage' on 'DOMWindow': The target origin provided ('https://www.youtube.com') does not match the recipient window's origin ('https://www.etsy.com'). @ https://www.googletagmanager.com/gtm.js?id=GTM-KWW5SS:880
[  766748ms] [WARNING] Failed to execute 'postMessage' on 'DOMWindow': The target origin provided ('https://m.youtube.com') does not match the recipient window's origin ('https://www.etsy.com'). @ https://www.googletagmanager.com/gtm.js?id=GTM-KWW5SS:880
[  770454ms] [WARNING] Failed to execute 'postMessage' on 'DOMWindow': The target origin provided ('https://www.google.com') does not match the recipient window's origin ('https://www.etsy.com'). @ https://www.googletagmanager.com/gtm.js?id=GTM-KWW5SS:880
[  770455ms] [WARNING] Failed to execute 'postMessage' on 'DOMWindow': The target origin provided ('https://www.youtube.com') does not match the recipient window's origin ('https://www.etsy.com'). @ https://www.googletagmanager.com/gtm.js?id=GTM-KWW5SS:880
[  770455ms] [WARNING] Failed to execute 'postMessage' on 'DOMWindow': The target origin provided ('https://m.youtube.com') does not match the recipient window's origin ('https://www.etsy.com'). @ https://www.googletagmanager.com/gtm.js?id=GTM-KWW5SS:880
